<?xml version="1.0" encoding="UTF-8"?>
<!-- Generated by org.testng.reporters.JUnitReportReporter -->
<testsuite hostname="LAPTOP-DK6TK74Q" failures="0" tests="1" name="com.crm.VTiger.TestCases.CreateOrganisationWithIndustryTest" time="57.452" errors="0" timestamp="23 Aug 2022 11:37:20 GMT" skipped="0">
  <testcase classname="com.crm.VTiger.TestCases.CreateOrganisationWithIndustryTest" name="createOrgWithIndus" time="57.452"/>
</testsuite> <!-- com.crm.VTiger.TestCases.CreateOrganisationWithIndustryTest -->
