<?xml version="1.0" encoding="UTF-8"?>
<!-- Generated by org.testng.reporters.JUnitReportReporter -->
<testsuite hostname="LAPTOP-DK6TK74Q" failures="0" tests="1" name="com.crm.VTiger.TestCases.CreateContactWithOrgTest" time="40.183" errors="0" timestamp="2022-09-05T16:19:39 IST" skipped="0">
  <testcase classname="com.crm.VTiger.TestCases.CreateContactWithOrgTest" name="createConWithOrg" time="40.183"/>
  <system-out/>
</testsuite> <!-- com.crm.VTiger.TestCases.CreateContactWithOrgTest -->
