<?xml version="1.0" encoding="UTF-8"?>
<!-- Generated by org.testng.reporters.JUnitReportReporter -->
<testsuite hostname="LAPTOP-DK6TK74Q" failures="0" tests="1" name="com.crm.VTiger.TestCases.CreateContactWithOrgTest" time="50.228" errors="0" timestamp="19 Aug 2022 12:08:26 GMT" skipped="0">
  <testcase classname="com.crm.VTiger.TestCases.CreateContactWithOrgTest" name="createConWithOrg" time="50.228"/>
</testsuite> <!-- com.crm.VTiger.TestCases.CreateContactWithOrgTest -->
