<?xml version="1.0" encoding="UTF-8"?>
<!-- Generated by org.testng.reporters.JUnitReportReporter -->
<testsuite hostname="LAPTOP-DK6TK74Q" failures="0" tests="1" name="com.crm.VTiger.TestCases.CreateOrganisationTest" time="48.684" errors="0" timestamp="23 Aug 2022 12:03:26 GMT" skipped="0">
  <testcase classname="com.crm.VTiger.TestCases.CreateOrganisationTest" name="createOrg" time="48.684"/>
</testsuite> <!-- com.crm.VTiger.TestCases.CreateOrganisationTest -->
